[2022-08-12 03:16:45,796] {taskinstance.py:1159} INFO - Dependencies all met for <TaskInstance: elasticsearch_dag.print_es_info manual__2022-08-12T03:16:44.623684+00:00 [queued]>
[2022-08-12 03:16:45,805] {taskinstance.py:1159} INFO - Dependencies all met for <TaskInstance: elasticsearch_dag.print_es_info manual__2022-08-12T03:16:44.623684+00:00 [queued]>
[2022-08-12 03:16:45,806] {taskinstance.py:1356} INFO - 
--------------------------------------------------------------------------------
[2022-08-12 03:16:45,807] {taskinstance.py:1357} INFO - Starting attempt 1 of 1
[2022-08-12 03:16:45,807] {taskinstance.py:1358} INFO - 
--------------------------------------------------------------------------------
[2022-08-12 03:16:45,821] {taskinstance.py:1377} INFO - Executing <Task(PythonOperator): print_es_info> on 2022-08-12 03:16:44.623684+00:00
[2022-08-12 03:16:45,827] {standard_task_runner.py:52} INFO - Started process 930 to run task
[2022-08-12 03:16:45,831] {standard_task_runner.py:79} INFO - Running: ['***', 'tasks', 'run', 'elasticsearch_dag', 'print_es_info', 'manual__2022-08-12T03:16:44.623684+00:00', '--job-id', '379', '--raw', '--subdir', 'DAGS_FOLDER/elastic_dag.py', '--cfg-path', '/tmp/tmpd87eg8iz', '--error-file', '/tmp/tmpfcfu692m']
[2022-08-12 03:16:45,832] {standard_task_runner.py:80} INFO - Job 379: Subtask print_es_info
[2022-08-12 03:16:45,892] {task_command.py:369} INFO - Running <TaskInstance: elasticsearch_dag.print_es_info manual__2022-08-12T03:16:44.623684+00:00 [running]> on host a1c9528fe5e1
[2022-08-12 03:16:45,997] {taskinstance.py:1571} INFO - Exporting the following env vars:
AIRFLOW_CTX_DAG_OWNER=***
AIRFLOW_CTX_DAG_ID=elasticsearch_dag
AIRFLOW_CTX_TASK_ID=print_es_info
AIRFLOW_CTX_EXECUTION_DATE=2022-08-12T03:16:44.623684+00:00
AIRFLOW_CTX_TRY_NUMBER=1
AIRFLOW_CTX_DAG_RUN_ID=manual__2022-08-12T03:16:44.623684+00:00
[2022-08-12 03:16:46,019] {taskinstance.py:1889} ERROR - Task failed with exception
Traceback (most recent call last):
  File "/home/airflow/.local/lib/python3.7/site-packages/airflow/operators/python.py", line 171, in execute
    return_value = self.execute_callable()
  File "/home/airflow/.local/lib/python3.7/site-packages/airflow/operators/python.py", line 189, in execute_callable
    return self.python_callable(*self.op_args, **self.op_kwargs)
  File "/opt/airflow/dags/elastic_dag.py", line 12, in _print_es_info
    hook = ElasticHook()
  File "/opt/airflow/dags/plugins/elastic_search_plugin/hooks/elastic_hook.py", line 7, in __init__
    conn = self.get_connection(conn_id)
  File "/home/airflow/.local/lib/python3.7/site-packages/airflow/hooks/base.py", line 67, in get_connection
    conn = Connection.get_connection_from_secrets(conn_id)
  File "/home/airflow/.local/lib/python3.7/site-packages/airflow/models/connection.py", line 430, in get_connection_from_secrets
    raise AirflowNotFoundException(f"The conn_id `{conn_id}` isn't defined")
airflow.exceptions.AirflowNotFoundException: The conn_id `elasticearch_default` isn't defined
[2022-08-12 03:16:46,025] {taskinstance.py:1400} INFO - Marking task as FAILED. dag_id=elasticsearch_dag, task_id=print_es_info, execution_date=20220812T031644, start_date=20220812T031645, end_date=20220812T031646
[2022-08-12 03:16:46,035] {standard_task_runner.py:97} ERROR - Failed to execute job 379 for task print_es_info (The conn_id `elasticearch_default` isn't defined; 930)
[2022-08-12 03:16:46,084] {local_task_job.py:156} INFO - Task exited with return code 1
[2022-08-12 03:16:46,140] {local_task_job.py:273} INFO - 0 downstream tasks scheduled from follow-on schedule check
